<?xml version="1.0" encoding="UTF-8"?>
<!-- Generated by org.testng.reporters.JUnitReportReporter -->
<testsuite skipped="1" hostname="01HW909319" name="Selenium_MyProject.Selenium_MyProject1.AppTest" tests="2" failures="0" timestamp="2018-11-20T19:55:54 IST" time="0.006" errors="0">
  <testcase name="apptes" time="0.006" classname="Selenium_MyProject.Selenium_MyProject1.AppTest"/>
  <testcase name="apptes1" classname="Selenium_MyProject.Selenium_MyProject1.AppTest">
    <skipped/>
  </testcase> <!-- apptes1 -->
</testsuite> <!-- Selenium_MyProject.Selenium_MyProject1.AppTest -->
